<?xml version="1.0" encoding="UTF-8"?>
<!-- Generated by org.testng.reporters.JUnitXMLReporter -->
<testsuite ignored="0" hostname="DESKTOP-MA0478G" failures="0" tests="3" name="Test" time="25.917" errors="0" timestamp="2023-10-06T16:21:30 BST">
  <testcase classname="TestNG_Failing.Facebook" name="Fb" time="7.175"/>
  <testcase classname="TestNG_Failing.snapdeal" name="snaeal" time="8.13"/>
  <testcase classname="TestNG_Failing.Amazon" name="amz" time="10.524"/>
</testsuite> <!-- Test -->
