<?xml version="1.0" encoding="UTF-8"?>
<testng-results ignored="0" total="3" passed="3" failed="0" skipped="0">
  <reporter-output>
  </reporter-output>
  <suite started-at="2023-10-06T16:21:04 BST" name="Suite" finished-at="2023-10-06T16:21:30 BST" duration-ms="25917">
    <groups>
    </groups>
    <test started-at="2023-10-06T16:21:04 BST" name="Test" finished-at="2023-10-06T16:21:30 BST" duration-ms="25917">
      <class name="TestNG_Failing.Facebook">
        <test-method signature="Fb()[pri:0, instance:TestNG_Failing.Facebook@2e3967ea]" started-at="2023-10-06T16:21:04 BST" name="Fb" finished-at="2023-10-06T16:21:11 BST" duration-ms="7175" status="PASS">
          <reporter-output>
          </reporter-output>
        </test-method> <!-- Fb -->
      </class> <!-- TestNG_Failing.Facebook -->
      <class name="TestNG_Failing.Amazon">
        <test-method signature="amz()[pri:0, instance:TestNG_Failing.Amazon@f09733f]" started-at="2023-10-06T16:21:19 BST" name="amz" finished-at="2023-10-06T16:21:30 BST" duration-ms="10524" status="PASS">
          <reporter-output>
          </reporter-output>
        </test-method> <!-- amz -->
      </class> <!-- TestNG_Failing.Amazon -->
      <class name="TestNG_Failing.snapdeal">
        <test-method signature="snaeal()[pri:0, instance:TestNG_Failing.snapdeal@4b45a2f5]" started-at="2023-10-06T16:21:11 BST" name="snaeal" finished-at="2023-10-06T16:21:19 BST" duration-ms="8130" status="PASS">
          <reporter-output>
          </reporter-output>
        </test-method> <!-- snaeal -->
      </class> <!-- TestNG_Failing.snapdeal -->
    </test> <!-- Test -->
  </suite> <!-- Suite -->
</testng-results>
